<?xml version="1.0" encoding="UTF-8"?>
<!-- Generated by org.testng.reporters.JUnitXMLReporter -->
<testsuite ignored="0" hostname="ANURAG24" failures="0" tests="3" name="Default test" time="0.098" errors="0" timestamp="13 Jan 2021 05:13:28 GMT">
  <testcase classname="testing.TestNGAnnotations" name="boston" time="0.013"/>
  <testcase classname="testing.TestNGAnnotations" name="philadelphia" time="0.005"/>
  <testcase classname="testing.TestNGAnnotations" name="seatle" time="0.004"/>
</testsuite> <!-- Default test -->
